{
  "RSpec": {
    "coverage": {
      "/Users/rizcube/Documents/makers/yelp-challenge/config/environment.rb": [
        null,
        1,
        null,
        null,
        1
      ],
      "/Users/rizcube/Documents/makers/yelp-challenge/config/application.rb": [
        1,
        null,
        1,
        null,
        1,
        1,
        1,
        1,
        1,
        1,
        1,
        null,
        null,
        null,
        null,
        1,
        null,
        1,
        1,
        null,
        null,
        null,
        null,
        null,
        null,
        null,
        null,
        null,
        null,
        null,
        null,
        null,
        1,
        null,
        null
      ],
      "/Users/rizcube/Documents/makers/yelp-challenge/config/boot.rb": [
        1,
        null,
        1
      ],
      "/Users/rizcube/Documents/makers/yelp-challenge/config/environments/test.rb": [
        1,
        null,
        null,
        null,
        null,
        null,
        null,
        1,
        null,
        null,
        null,
        null,
        1,
        null,
        null,
        1,
        1,
        null,
        null,
        1,
        1,
        null,
        null,
        1,
        null,
        null,
        1,
        null,
        null,
        null,
        null,
        1,
        null,
        null,
        1,
        null,
        null,
        1,
        null,
        null,
        null,
        null
      ],
      "/Users/rizcube/Documents/makers/yelp-challenge/config/initializers/assets.rb": [
        null,
        null,
        null,
        1,
        null,
        null,
        null,
        null,
        null,
        null,
        null
      ],
      "/Users/rizcube/Documents/makers/yelp-challenge/config/initializers/backtrace_silencers.rb": [
        null,
        null,
        null,
        null,
        null,
        null,
        null
      ],
      "/Users/rizcube/Documents/makers/yelp-challenge/config/initializers/cookies_serializer.rb": [
        null,
        null,
        1
      ],
      "/Users/rizcube/Documents/makers/yelp-challenge/config/initializers/filter_parameter_logging.rb": [
        null,
        null,
        null,
        1
      ],
      "/Users/rizcube/Documents/makers/yelp-challenge/config/initializers/inflections.rb": [
        null,
        null,
        null,
        null,
        null,
        null,
        null,
        null,
        null,
        null,
        null,
        null,
        null,
        null,
        null,
        null
      ],
      "/Users/rizcube/Documents/makers/yelp-challenge/config/initializers/mime_types.rb": [
        null,
        null,
        null,
        null
      ],
      "/Users/rizcube/Documents/makers/yelp-challenge/config/initializers/session_store.rb": [
        null,
        null,
        1
      ],
      "/Users/rizcube/Documents/makers/yelp-challenge/config/initializers/wrap_parameters.rb": [
        null,
        null,
        null,
        null,
        null,
        null,
        1,
        1,
        null,
        null,
        null,
        null,
        null,
        null
      ],
      "/Users/rizcube/Documents/makers/yelp-challenge/config/routes.rb": [
        1,
        null,
        null,
        null,
        null,
        null,
        1,
        null,
        null,
        null,
        null,
        null,
        null,
        null,
        null,
        1,
        1,
        null,
        null,
        null,
        null,
        null,
        null,
        null,
        null,
        null,
        null,
        null,
        null,
        null,
        null,
        null,
        null,
        null,
        null,
        null,
        null,
        null,
        null,
        null,
        null,
        null,
        null,
        null,
        null,
        null,
        null,
        null,
        null,
        null,
        null,
        null,
        null,
        null,
        null,
        null,
        null,
        null,
        null
      ],
      "/Users/rizcube/Documents/makers/yelp-challenge/app/helpers/application_helper.rb": [
        1,
        null
      ],
      "/Users/rizcube/Documents/makers/yelp-challenge/app/helpers/restaurants_helper.rb": [
        1,
        null
      ],
      "/Users/rizcube/Documents/makers/yelp-challenge/app/helpers/reviews_helper.rb": [
        1,
        null
      ],
      "/Users/rizcube/Documents/makers/yelp-challenge/app/models/restaurant.rb": [
        1,
        1,
        1,
        null
      ],
      "/Users/rizcube/Documents/makers/yelp-challenge/app/models/review.rb": [
        1,
        1,
        1,
        null
      ],
      "/Users/rizcube/Documents/makers/yelp-challenge/app/controllers/restaurants_controller.rb": [
        1,
        null,
        1,
        12,
        null,
        null,
        1,
        2,
        null,
        null,
        1,
        3,
        null,
        null,
        1,
        2,
        2,
        1,
        null,
        1,
        null,
        null,
        null,
        1,
        1,
        null,
        null,
        1,
        1,
        null,
        null,
        1,
        1,
        1,
        1,
        null,
        null,
        1,
        1,
        1,
        1,
        1,
        null,
        null,
        null,
        null,
        null
      ],
      "/Users/rizcube/Documents/makers/yelp-challenge/app/controllers/application_controller.rb": [
        1,
        null,
        null,
        1,
        null
      ],
      "/Users/rizcube/Documents/makers/yelp-challenge/app/controllers/reviews_controller.rb": [
        1,
        1,
        1,
        1,
        null,
        null,
        1,
        null,
        null,
        1,
        1,
        1,
        1,
        null,
        null,
        1,
        1,
        null,
        null,
        null,
        null,
        null
      ]
    },
    "timestamp": 1430412334
  }
}
